Traceback (most recent call last):
  File "/usr/local/lib/python3.7/dist-packages/jupyter_cache/executors/utils.py", line 56, in single_nb_execution
    record_timing=False,
  File "/usr/local/lib/python3.7/dist-packages/nbclient/client.py", line 1204, in execute
    return NotebookClient(nb=nb, resources=resources, km=km, **kwargs).execute()
  File "/usr/local/lib/python3.7/dist-packages/nbclient/util.py", line 84, in wrapped
    return just_run(coro(*args, **kwargs))
  File "/usr/local/lib/python3.7/dist-packages/nbclient/util.py", line 62, in just_run
    return loop.run_until_complete(coro)
  File "/usr/lib/python3.7/asyncio/base_events.py", line 587, in run_until_complete
    return future.result()
  File "/usr/local/lib/python3.7/dist-packages/nbclient/client.py", line 664, in async_execute
    cell, index, execution_count=self.code_cells_executed + 1
  File "/usr/local/lib/python3.7/dist-packages/nbclient/client.py", line 965, in async_execute_cell
    await self._check_raise_for_error(cell, cell_index, exec_reply)
  File "/usr/local/lib/python3.7/dist-packages/nbclient/client.py", line 862, in _check_raise_for_error
    raise CellExecutionError.from_cell_and_msg(cell, exec_reply_content)
nbclient.exceptions.CellExecutionError: An error occurred while executing the following cell:
------------------
# Fitur Scaling untuk membawa variabel dalam satu skala
from sklearn.preprocessing import StandardScaler
sc = StandardScaler()
X_train = sc.fit_transform(X_train)
X_test = sc.transform(X_test)
------------------

[0;31m[0m
[0;31mValueError[0mTraceback (most recent call last)
[0;32m<ipython-input-66-45d9d7c20aa4>[0m in [0;36m<module>[0;34m[0m
[1;32m      2[0m [0;32mfrom[0m [0msklearn[0m[0;34m.[0m[0mpreprocessing[0m [0;32mimport[0m [0mStandardScaler[0m[0;34m[0m[0;34m[0m[0m
[1;32m      3[0m [0msc[0m [0;34m=[0m [0mStandardScaler[0m[0;34m([0m[0;34m)[0m[0;34m[0m[0;34m[0m[0m
[0;32m----> 4[0;31m [0mX_train[0m [0;34m=[0m [0msc[0m[0;34m.[0m[0mfit_transform[0m[0;34m([0m[0mX_train[0m[0;34m)[0m[0;34m[0m[0;34m[0m[0m
[0m[1;32m      5[0m [0mX_test[0m [0;34m=[0m [0msc[0m[0;34m.[0m[0mtransform[0m[0;34m([0m[0mX_test[0m[0;34m)[0m[0;34m[0m[0;34m[0m[0m

[0;32m/usr/local/lib/python3.7/dist-packages/sklearn/base.py[0m in [0;36mfit_transform[0;34m(self, X, y, **fit_params)[0m
[1;32m    850[0m         [0;32mif[0m [0my[0m [0;32mis[0m [0;32mNone[0m[0;34m:[0m[0;34m[0m[0;34m[0m[0m
[1;32m    851[0m             [0;31m# fit method of arity 1 (unsupervised transformation)[0m[0;34m[0m[0;34m[0m[0;34m[0m[0m
[0;32m--> 852[0;31m             [0;32mreturn[0m [0mself[0m[0;34m.[0m[0mfit[0m[0;34m([0m[0mX[0m[0;34m,[0m [0;34m**[0m[0mfit_params[0m[0;34m)[0m[0;34m.[0m[0mtransform[0m[0;34m([0m[0mX[0m[0;34m)[0m[0;34m[0m[0;34m[0m[0m
[0m[1;32m    853[0m         [0;32melse[0m[0;34m:[0m[0;34m[0m[0;34m[0m[0m
[1;32m    854[0m             [0;31m# fit method of arity 2 (supervised transformation)[0m[0;34m[0m[0;34m[0m[0;34m[0m[0m

[0;32m/usr/local/lib/python3.7/dist-packages/sklearn/preprocessing/_data.py[0m in [0;36mfit[0;34m(self, X, y, sample_weight)[0m
[1;32m    804[0m         [0;31m# Reset internal state before fitting[0m[0;34m[0m[0;34m[0m[0;34m[0m[0m
[1;32m    805[0m         [0mself[0m[0;34m.[0m[0m_reset[0m[0;34m([0m[0;34m)[0m[0;34m[0m[0;34m[0m[0m
[0;32m--> 806[0;31m         [0;32mreturn[0m [0mself[0m[0;34m.[0m[0mpartial_fit[0m[0;34m([0m[0mX[0m[0;34m,[0m [0my[0m[0;34m,[0m [0msample_weight[0m[0;34m)[0m[0;34m[0m[0;34m[0m[0m
[0m[1;32m    807[0m [0;34m[0m[0m
[1;32m    808[0m     [0;32mdef[0m [0mpartial_fit[0m[0;34m([0m[0mself[0m[0;34m,[0m [0mX[0m[0;34m,[0m [0my[0m[0;34m=[0m[0;32mNone[0m[0;34m,[0m [0msample_weight[0m[0;34m=[0m[0;32mNone[0m[0;34m)[0m[0;34m:[0m[0;34m[0m[0;34m[0m[0m

[0;32m/usr/local/lib/python3.7/dist-packages/sklearn/preprocessing/_data.py[0m in [0;36mpartial_fit[0;34m(self, X, y, sample_weight)[0m
[1;32m    845[0m             [0mdtype[0m[0;34m=[0m[0mFLOAT_DTYPES[0m[0;34m,[0m[0;34m[0m[0;34m[0m[0m
[1;32m    846[0m             [0mforce_all_finite[0m[0;34m=[0m[0;34m"allow-nan"[0m[0;34m,[0m[0;34m[0m[0;34m[0m[0m
[0;32m--> 847[0;31m             [0mreset[0m[0;34m=[0m[0mfirst_call[0m[0;34m,[0m[0;34m[0m[0;34m[0m[0m
[0m[1;32m    848[0m         )
[1;32m    849[0m         [0mn_features[0m [0;34m=[0m [0mX[0m[0;34m.[0m[0mshape[0m[0;34m[[0m[0;36m1[0m[0;34m][0m[0;34m[0m[0;34m[0m[0m

[0;32m/usr/local/lib/python3.7/dist-packages/sklearn/base.py[0m in [0;36m_validate_data[0;34m(self, X, y, reset, validate_separately, **check_params)[0m
[1;32m    564[0m             [0;32mraise[0m [0mValueError[0m[0;34m([0m[0;34m"Validation should be done on X, y or both."[0m[0;34m)[0m[0;34m[0m[0;34m[0m[0m
[1;32m    565[0m         [0;32melif[0m [0;32mnot[0m [0mno_val_X[0m [0;32mand[0m [0mno_val_y[0m[0;34m:[0m[0;34m[0m[0;34m[0m[0m
[0;32m--> 566[0;31m             [0mX[0m [0;34m=[0m [0mcheck_array[0m[0;34m([0m[0mX[0m[0;34m,[0m [0;34m**[0m[0mcheck_params[0m[0;34m)[0m[0;34m[0m[0;34m[0m[0m
[0m[1;32m    567[0m             [0mout[0m [0;34m=[0m [0mX[0m[0;34m[0m[0;34m[0m[0m
[1;32m    568[0m         [0;32melif[0m [0mno_val_X[0m [0;32mand[0m [0;32mnot[0m [0mno_val_y[0m[0;34m:[0m[0;34m[0m[0;34m[0m[0m

[0;32m/usr/local/lib/python3.7/dist-packages/sklearn/utils/validation.py[0m in [0;36mcheck_array[0;34m(array, accept_sparse, accept_large_sparse, dtype, order, copy, force_all_finite, ensure_2d, allow_nd, ensure_min_samples, ensure_min_features, estimator)[0m
[1;32m    744[0m                     [0marray[0m [0;34m=[0m [0marray[0m[0;34m.[0m[0mastype[0m[0;34m([0m[0mdtype[0m[0;34m,[0m [0mcasting[0m[0;34m=[0m[0;34m"unsafe"[0m[0;34m,[0m [0mcopy[0m[0;34m=[0m[0;32mFalse[0m[0;34m)[0m[0;34m[0m[0;34m[0m[0m
[1;32m    745[0m                 [0;32melse[0m[0;34m:[0m[0;34m[0m[0;34m[0m[0m
[0;32m--> 746[0;31m                     [0marray[0m [0;34m=[0m [0mnp[0m[0;34m.[0m[0masarray[0m[0;34m([0m[0marray[0m[0;34m,[0m [0morder[0m[0;34m=[0m[0morder[0m[0;34m,[0m [0mdtype[0m[0;34m=[0m[0mdtype[0m[0;34m)[0m[0;34m[0m[0;34m[0m[0m
[0m[1;32m    747[0m             [0;32mexcept[0m [0mComplexWarning[0m [0;32mas[0m [0mcomplex_warning[0m[0;34m:[0m[0;34m[0m[0;34m[0m[0m
[1;32m    748[0m                 raise ValueError(

[0;31mValueError[0m: could not convert string to float: 'A'
ValueError: could not convert string to float: 'A'

